<?xml version="1.0" encoding="UTF-8"?>
<testng-results ignored="0" total="3" passed="2" failed="1" skipped="0">
  <reporter-output>
  </reporter-output>
  <suite started-at="2023-09-24T18:48:53 IST" name="Suite" finished-at="2023-09-24T18:48:58 IST" duration-ms="5081">
    <groups>
    </groups>
    <test started-at="2023-09-24T18:48:53 IST" name="Test" finished-at="2023-09-24T18:48:58 IST" duration-ms="5081">
      <class name="Tests.AzureSampleTest">
        <test-method is-config="true" signature="browserLaunch()[pri:0, instance:Tests.AzureSampleTest@7193666c]" started-at="2023-09-24T18:48:53 IST" name="browserLaunch" finished-at="2023-09-24T18:48:57 IST" duration-ms="3653" status="PASS">
          <reporter-output>
          </reporter-output>
        </test-method> <!-- browserLaunch -->
        <test-method signature="urLValidation()[pri:1, instance:Tests.AzureSampleTest@7193666c]" started-at="2023-09-24T18:48:57 IST" name="urLValidation" finished-at="2023-09-24T18:48:58 IST" duration-ms="1099" status="PASS">
          <reporter-output>
          </reporter-output>
        </test-method> <!-- urLValidation -->
        <test-method signature="titleValidation()[pri:2, instance:Tests.AzureSampleTest@7193666c]" started-at="2023-09-24T18:48:58 IST" name="titleValidation" finished-at="2023-09-24T18:48:58 IST" duration-ms="11" status="PASS">
          <reporter-output>
          </reporter-output>
        </test-method> <!-- titleValidation -->
        <test-method signature="contentValidation()[pri:3, instance:Tests.AzureSampleTest@7193666c]" started-at="2023-09-24T18:48:58 IST" name="contentValidation" finished-at="2023-09-24T18:48:58 IST" duration-ms="77" status="FAIL">
          <exception class="java.lang.AssertionError">
            <message>
              <![CDATA[expected [Shreyas Kumar P] but found [Shreyas Kumar P
This website is hosted on the apache tomcat server which is on linux machine. Here we will learn the complete things on how we can deploy the war files to the apache tom cat server.To deploy a WAR (Web Application Archive) file on a server like Apache Tomcat, place the WAR file in the server's designated deployment directory, and the server will automatically extract and host the web application. Once the WAR file is deployed, the server initializes the web application, setting up its resources and components, making it accessible via its assigned URL.]]]>
            </message>
            <full-stacktrace>
              <![CDATA[java.lang.AssertionError: expected [Shreyas Kumar P] but found [Shreyas Kumar P
This website is hosted on the apache tomcat server which is on linux machine. Here we will learn the complete things on how we can deploy the war files to the apache tom cat server.To deploy a WAR (Web Application Archive) file on a server like Apache Tomcat, place the WAR file in the server's designated deployment directory, and the server will automatically extract and host the web application. Once the WAR file is deployed, the server initializes the web application, setting up its resources and components, making it accessible via its assigned URL.]
at org.testng.Assert.fail(Assert.java:110)
at org.testng.Assert.failNotEquals(Assert.java:1413)
at org.testng.Assert.assertEqualsImpl(Assert.java:149)
at org.testng.Assert.assertEquals(Assert.java:131)
at org.testng.Assert.assertEquals(Assert.java:655)
at org.testng.Assert.assertEquals(Assert.java:665)
at Tests.AzureSampleTest.contentValidation(AzureSampleTest.java:40)
at java.base/jdk.internal.reflect.NativeMethodAccessorImpl.invoke0(Native Method)
at java.base/jdk.internal.reflect.NativeMethodAccessorImpl.invoke(NativeMethodAccessorImpl.java:77)
at java.base/jdk.internal.reflect.DelegatingMethodAccessorImpl.invoke(DelegatingMethodAccessorImpl.java:43)
at java.base/java.lang.reflect.Method.invoke(Method.java:568)
at org.testng.internal.invokers.MethodInvocationHelper.invokeMethod(MethodInvocationHelper.java:139)
at org.testng.internal.invokers.TestInvoker.invokeMethod(TestInvoker.java:677)
at org.testng.internal.invokers.TestInvoker.invokeTestMethod(TestInvoker.java:221)
at org.testng.internal.invokers.MethodRunner.runInSequence(MethodRunner.java:50)
at org.testng.internal.invokers.TestInvoker$MethodInvocationAgent.invoke(TestInvoker.java:962)
at org.testng.internal.invokers.TestInvoker.invokeTestMethods(TestInvoker.java:194)
at org.testng.internal.invokers.TestMethodWorker.invokeTestMethods(TestMethodWorker.java:148)
at org.testng.internal.invokers.TestMethodWorker.run(TestMethodWorker.java:128)
at java.base/java.util.concurrent.ThreadPoolExecutor.runWorker(ThreadPoolExecutor.java:1136)
at java.base/java.util.concurrent.ThreadPoolExecutor$Worker.run(ThreadPoolExecutor.java:635)
at java.base/java.lang.Thread.run(Thread.java:833)
]]>
            </full-stacktrace>
          </exception> <!-- java.lang.AssertionError -->
          <reporter-output>
          </reporter-output>
        </test-method> <!-- contentValidation -->
        <test-method is-config="true" signature="tearDown()[pri:0, instance:Tests.AzureSampleTest@7193666c]" started-at="2023-09-24T18:48:58 IST" name="tearDown" finished-at="2023-09-24T18:48:58 IST" duration-ms="198" status="PASS">
          <reporter-output>
          </reporter-output>
        </test-method> <!-- tearDown -->
      </class> <!-- Tests.AzureSampleTest -->
    </test> <!-- Test -->
  </suite> <!-- Suite -->
</testng-results>
